<?xml version="1.0" encoding="UTF-8"?>
<!-- Generated by org.testng.reporters.JUnitXMLReporter -->
<testsuite ignored="0" hostname="Sanoop-pc" failures="0" tests="9" name="Default test" time="44.208" errors="0" timestamp="2024-05-29T15:19:12 IST">
  <testcase classname="testpkg.Skinstoretest" name="logintest" time="5.026"/>
  <testcase classname="testpkg.Skinstoretest" name="skintest" time="10.161"/>
  <testcase classname="testpkg.Skinstoretest" name="addcart" time="6.875"/>
  <testcase classname="testpkg.Skinstoretest" name="wishlist" time="3.261"/>
  <testcase classname="testpkg.Skinstoretest" name="searchtest" time="2.864"/>
  <testcase classname="testpkg.Skinstoretest" name="viewcarttest" time="5.508"/>
  <testcase classname="testpkg.Skinstoretest" name="scrnshottest" time="2.128"/>
  <testcase classname="testpkg.Skinstoretest" name="menutest" time="1.37"/>
  <testcase classname="testpkg.Skinstoretest" name="linkcount" time="0.843"/>
</testsuite> <!-- Default test -->
