<?xml version="1.0" encoding="UTF-8"?>
<testng-results ignored="0" total="9" passed="9" failed="0" skipped="0">
  <reporter-output>
  </reporter-output>
  <suite started-at="2024-05-29T15:18:28 IST" name="Default suite" finished-at="2024-05-29T15:19:12 IST" duration-ms="44208">
    <groups>
    </groups>
    <test started-at="2024-05-29T15:18:28 IST" name="Default test" finished-at="2024-05-29T15:19:12 IST" duration-ms="44208">
      <class name="testpkg.Skinstoretest">
        <test-method is-config="true" signature="setup()[pri:0, instance:testpkg.Skinstoretest@2ddc9a9f]" started-at="2024-05-29T15:18:28 IST" name="setup" finished-at="2024-05-29T15:18:34 IST" duration-ms="5990" status="PASS">
          <reporter-output>
          </reporter-output>
        </test-method> <!-- setup -->
        <test-method is-config="true" signature="bfrmthd()[pri:0, instance:testpkg.Skinstoretest@2ddc9a9f]" started-at="2024-05-29T15:18:34 IST" name="bfrmthd" finished-at="2024-05-29T15:18:34 IST" duration-ms="19" status="PASS">
          <reporter-output>
          </reporter-output>
        </test-method> <!-- bfrmthd -->
        <test-method signature="logintest()[pri:1, instance:testpkg.Skinstoretest@2ddc9a9f]" started-at="2024-05-29T15:18:34 IST" name="logintest" finished-at="2024-05-29T15:18:39 IST" duration-ms="5026" status="PASS">
          <reporter-output>
          </reporter-output>
        </test-method> <!-- logintest -->
        <test-method is-config="true" signature="bfrmthd()[pri:0, instance:testpkg.Skinstoretest@2ddc9a9f]" started-at="2024-05-29T15:18:39 IST" name="bfrmthd" finished-at="2024-05-29T15:18:39 IST" duration-ms="1" status="PASS">
          <reporter-output>
          </reporter-output>
        </test-method> <!-- bfrmthd -->
        <test-method signature="skintest()[pri:2, instance:testpkg.Skinstoretest@2ddc9a9f]" started-at="2024-05-29T15:18:39 IST" name="skintest" finished-at="2024-05-29T15:18:49 IST" duration-ms="10161" status="PASS">
          <reporter-output>
          </reporter-output>
        </test-method> <!-- skintest -->
        <test-method is-config="true" signature="bfrmthd()[pri:0, instance:testpkg.Skinstoretest@2ddc9a9f]" started-at="2024-05-29T15:18:49 IST" name="bfrmthd" finished-at="2024-05-29T15:18:49 IST" duration-ms="3" status="PASS">
          <reporter-output>
          </reporter-output>
        </test-method> <!-- bfrmthd -->
        <test-method signature="addcart()[pri:3, instance:testpkg.Skinstoretest@2ddc9a9f]" started-at="2024-05-29T15:18:49 IST" name="addcart" finished-at="2024-05-29T15:18:56 IST" duration-ms="6875" status="PASS">
          <reporter-output>
          </reporter-output>
        </test-method> <!-- addcart -->
        <test-method is-config="true" signature="bfrmthd()[pri:0, instance:testpkg.Skinstoretest@2ddc9a9f]" started-at="2024-05-29T15:18:56 IST" name="bfrmthd" finished-at="2024-05-29T15:18:56 IST" duration-ms="1" status="PASS">
          <reporter-output>
          </reporter-output>
        </test-method> <!-- bfrmthd -->
        <test-method signature="wishlist()[pri:4, instance:testpkg.Skinstoretest@2ddc9a9f]" started-at="2024-05-29T15:18:56 IST" name="wishlist" finished-at="2024-05-29T15:18:59 IST" duration-ms="3261" status="PASS">
          <reporter-output>
          </reporter-output>
        </test-method> <!-- wishlist -->
        <test-method is-config="true" signature="bfrmthd()[pri:0, instance:testpkg.Skinstoretest@2ddc9a9f]" started-at="2024-05-29T15:18:59 IST" name="bfrmthd" finished-at="2024-05-29T15:18:59 IST" duration-ms="22" status="PASS">
          <reporter-output>
          </reporter-output>
        </test-method> <!-- bfrmthd -->
        <test-method signature="searchtest()[pri:5, instance:testpkg.Skinstoretest@2ddc9a9f]" started-at="2024-05-29T15:18:59 IST" name="searchtest" finished-at="2024-05-29T15:19:02 IST" duration-ms="2864" status="PASS">
          <reporter-output>
          </reporter-output>
        </test-method> <!-- searchtest -->
        <test-method is-config="true" signature="bfrmthd()[pri:0, instance:testpkg.Skinstoretest@2ddc9a9f]" started-at="2024-05-29T15:19:02 IST" name="bfrmthd" finished-at="2024-05-29T15:19:02 IST" duration-ms="2" status="PASS">
          <reporter-output>
          </reporter-output>
        </test-method> <!-- bfrmthd -->
        <test-method signature="viewcarttest()[pri:6, instance:testpkg.Skinstoretest@2ddc9a9f]" started-at="2024-05-29T15:19:02 IST" name="viewcarttest" finished-at="2024-05-29T15:19:07 IST" duration-ms="5508" status="PASS">
          <reporter-output>
          </reporter-output>
        </test-method> <!-- viewcarttest -->
        <test-method is-config="true" signature="bfrmthd()[pri:0, instance:testpkg.Skinstoretest@2ddc9a9f]" started-at="2024-05-29T15:19:07 IST" name="bfrmthd" finished-at="2024-05-29T15:19:07 IST" duration-ms="2" status="PASS">
          <reporter-output>
          </reporter-output>
        </test-method> <!-- bfrmthd -->
        <test-method signature="scrnshottest()[pri:7, instance:testpkg.Skinstoretest@2ddc9a9f]" started-at="2024-05-29T15:19:07 IST" name="scrnshottest" finished-at="2024-05-29T15:19:09 IST" duration-ms="2128" status="PASS">
          <reporter-output>
          </reporter-output>
        </test-method> <!-- scrnshottest -->
        <test-method signature="menutest()[pri:8, instance:testpkg.Skinstoretest@2ddc9a9f]" started-at="2024-05-29T15:19:10 IST" name="menutest" finished-at="2024-05-29T15:19:11 IST" duration-ms="1370" status="PASS">
          <reporter-output>
          </reporter-output>
        </test-method> <!-- menutest -->
        <test-method is-config="true" signature="bfrmthd()[pri:0, instance:testpkg.Skinstoretest@2ddc9a9f]" started-at="2024-05-29T15:19:10 IST" name="bfrmthd" finished-at="2024-05-29T15:19:10 IST" duration-ms="0" status="PASS">
          <reporter-output>
          </reporter-output>
        </test-method> <!-- bfrmthd -->
        <test-method is-config="true" signature="bfrmthd()[pri:0, instance:testpkg.Skinstoretest@2ddc9a9f]" started-at="2024-05-29T15:19:11 IST" name="bfrmthd" finished-at="2024-05-29T15:19:11 IST" duration-ms="1" status="PASS">
          <reporter-output>
          </reporter-output>
        </test-method> <!-- bfrmthd -->
        <test-method signature="linkcount()[pri:9, instance:testpkg.Skinstoretest@2ddc9a9f]" started-at="2024-05-29T15:19:11 IST" name="linkcount" finished-at="2024-05-29T15:19:12 IST" duration-ms="843" status="PASS">
          <reporter-output>
          </reporter-output>
        </test-method> <!-- linkcount -->
      </class> <!-- testpkg.Skinstoretest -->
    </test> <!-- Default test -->
  </suite> <!-- Default suite -->
</testng-results>
